<testsuites id="" name="" tests="4" failures="4" skipped="0" errors="0" time="33.078841999999995">
<testsuite name="production-test.spec.ts" timestamp="2025-06-08T16:29:59.793Z" hostname="chromium" tests="4" failures="4" skipped="0" time="100.744" errors="0">
<testcase name="Production Authentication Flow › should load homepage quickly and show signup form" classname="production-test.spec.ts" time="8.059">
<failure message="production-test.spec.ts:18:7 should load homepage quickly and show signup form" type="FAILURE">
<![CDATA[  [chromium] › production-test.spec.ts:18:7 › Production Authentication Flow › should load homepage quickly and show signup form 

    Error: Timed out 5000ms waiting for expect(locator).toBeVisible()

    Locator: locator('input[name="fullName"]')
    Expected: visible
    Received: <element(s) not found>
    Call log:
      - expect.toBeVisible with timeout 5000ms
      - waiting for locator('input[name="fullName"]')


      26 |
      27 |     // Check that we have the optimized form fields
    > 28 |     await expect(page.locator('input[name="fullName"]')).toBeVisible();
         |                                                          ^
      29 |     await expect(page.locator('input[name="email"]')).toBeVisible();
      30 |     await expect(page.locator('input[name="password"]')).toBeVisible();
      31 |
        at /Users/geoffreydudgeon/Documents/Cursor Projects/chat-frontier-flora/e2e/production-test.spec.ts:28:58

    attachment #1: screenshot (image/png) ──────────────────────────────────────────────────────────
    test-results/production-test-Production-eed36-uickly-and-show-signup-form-chromium/test-failed-1.png
    ────────────────────────────────────────────────────────────────────────────────────────────────

    attachment #2: video (video/webm) ──────────────────────────────────────────────────────────────
    test-results/production-test-Production-eed36-uickly-and-show-signup-form-chromium/video.webm
    ────────────────────────────────────────────────────────────────────────────────────────────────

    Error Context: ../test-results/production-test-Production-eed36-uickly-and-show-signup-form-chromium/error-context.md
]]>
</failure>
<system-out>
<![CDATA[🌐 Testing production homepage load...

[[ATTACHMENT|production-test-Production-eed36-uickly-and-show-signup-form-chromium/test-failed-1.png]]

[[ATTACHMENT|production-test-Production-eed36-uickly-and-show-signup-form-chromium/video.webm]]

[[ATTACHMENT|production-test-Production-eed36-uickly-and-show-signup-form-chromium/error-context.md]]
]]>
</system-out>
</testcase>
<testcase name="Production Authentication Flow › should complete signup flow with optimized loading times" classname="production-test.spec.ts" time="30.897">
<failure message="production-test.spec.ts:35:7 should complete signup flow with optimized loading times" type="FAILURE">
<![CDATA[  [chromium] › production-test.spec.ts:35:7 › Production Authentication Flow › should complete signup flow with optimized loading times 

    Test timeout of 30000ms exceeded.

    Error: page.fill: Test timeout of 30000ms exceeded.
    Call log:
      - waiting for locator('input[name="fullName"]')


      48 |
      49 |     // Fill out the signup form
    > 50 |     await page.fill('input[name="fullName"]', testName);
         |                ^
      51 |     await page.fill('input[name="email"]', testEmail);
      52 |     await page.fill('input[name="password"]', testPassword);
      53 |
        at /Users/geoffreydudgeon/Documents/Cursor Projects/chat-frontier-flora/e2e/production-test.spec.ts:50:16

    attachment #1: screenshot (image/png) ──────────────────────────────────────────────────────────
    test-results/production-test-Production-4c2ad-ith-optimized-loading-times-chromium/test-failed-1.png
    ────────────────────────────────────────────────────────────────────────────────────────────────

    attachment #2: video (video/webm) ──────────────────────────────────────────────────────────────
    test-results/production-test-Production-4c2ad-ith-optimized-loading-times-chromium/video.webm
    ────────────────────────────────────────────────────────────────────────────────────────────────

    Error Context: ../test-results/production-test-Production-4c2ad-ith-optimized-loading-times-chromium/error-context.md
]]>
</failure>
<system-out>
<![CDATA[🔐 Testing optimized signup flow in production...
📝 Creating test user: test-prod-1749400203808@example.com

[[ATTACHMENT|production-test-Production-4c2ad-ith-optimized-loading-times-chromium/test-failed-1.png]]

[[ATTACHMENT|production-test-Production-4c2ad-ith-optimized-loading-times-chromium/video.webm]]

[[ATTACHMENT|production-test-Production-4c2ad-ith-optimized-loading-times-chromium/error-context.md]]
]]>
</system-out>
</testcase>
<testcase name="Production Authentication Flow › should handle authentication state correctly after page reload" classname="production-test.spec.ts" time="30.898">
<failure message="production-test.spec.ts:115:7 should handle authentication state correctly after page reload" type="FAILURE">
<![CDATA[  [chromium] › production-test.spec.ts:115:7 › Production Authentication Flow › should handle authentication state correctly after page reload 

    Test timeout of 30000ms exceeded.

    Error: page.fill: Test timeout of 30000ms exceeded.
    Call log:
      - waiting for locator('input[name="fullName"]')


      125 |
      126 |     // Quick signup
    > 127 |     await page.fill('input[name="fullName"]', testName);
          |                ^
      128 |     await page.fill('input[name="email"]', testEmail);
      129 |     await page.fill('input[name="password"]', testPassword);
      130 |     await page.check('input[name="ageVerification"]');
        at /Users/geoffreydudgeon/Documents/Cursor Projects/chat-frontier-flora/e2e/production-test.spec.ts:127:16

    attachment #1: screenshot (image/png) ──────────────────────────────────────────────────────────
    test-results/production-test-Production-73616-correctly-after-page-reload-chromium/test-failed-1.png
    ────────────────────────────────────────────────────────────────────────────────────────────────

    attachment #2: video (video/webm) ──────────────────────────────────────────────────────────────
    test-results/production-test-Production-73616-correctly-after-page-reload-chromium/video.webm
    ────────────────────────────────────────────────────────────────────────────────────────────────

    Error Context: ../test-results/production-test-Production-73616-correctly-after-page-reload-chromium/error-context.md
]]>
</failure>
<system-out>
<![CDATA[🔄 Testing authentication state persistence after reload...

[[ATTACHMENT|production-test-Production-73616-correctly-after-page-reload-chromium/test-failed-1.png]]

[[ATTACHMENT|production-test-Production-73616-correctly-after-page-reload-chromium/video.webm]]

[[ATTACHMENT|production-test-Production-73616-correctly-after-page-reload-chromium/error-context.md]]
]]>
</system-out>
</testcase>
<testcase name="Production Authentication Flow › should show proper error handling for invalid credentials" classname="production-test.spec.ts" time="30.89">
<failure message="production-test.spec.ts:167:7 should show proper error handling for invalid credentials" type="FAILURE">
<![CDATA[  [chromium] › production-test.spec.ts:167:7 › Production Authentication Flow › should show proper error handling for invalid credentials 

    Test timeout of 30000ms exceeded.

    Error: page.fill: Test timeout of 30000ms exceeded.
    Call log:
      - waiting for locator('input[name="fullName"]')


      172 |
      173 |     // Try to signup with invalid email
    > 174 |     await page.fill('input[name="fullName"]', 'Test User');
          |                ^
      175 |     await page.fill('input[name="email"]', 'invalid-email');
      176 |     await page.fill('input[name="password"]', 'weak');
      177 |
        at /Users/geoffreydudgeon/Documents/Cursor Projects/chat-frontier-flora/e2e/production-test.spec.ts:174:16

    attachment #1: screenshot (image/png) ──────────────────────────────────────────────────────────
    test-results/production-test-Production-f8501-ing-for-invalid-credentials-chromium/test-failed-1.png
    ────────────────────────────────────────────────────────────────────────────────────────────────

    attachment #2: video (video/webm) ──────────────────────────────────────────────────────────────
    test-results/production-test-Production-f8501-ing-for-invalid-credentials-chromium/video.webm
    ────────────────────────────────────────────────────────────────────────────────────────────────

    Error Context: ../test-results/production-test-Production-f8501-ing-for-invalid-credentials-chromium/error-context.md
]]>
</failure>
<system-out>
<![CDATA[🔒 Testing error handling in production...

[[ATTACHMENT|production-test-Production-f8501-ing-for-invalid-credentials-chromium/test-failed-1.png]]

[[ATTACHMENT|production-test-Production-f8501-ing-for-invalid-credentials-chromium/video.webm]]

[[ATTACHMENT|production-test-Production-f8501-ing-for-invalid-credentials-chromium/error-context.md]]
]]>
</system-out>
</testcase>
</testsuite>
</testsuites>