<testsuites id="" name="" tests="15" failures="5" skipped="0" errors="0" time="92.368896">
<testsuite name="stagehand-auth-test.spec.ts" timestamp="2025-06-17T01:32:44.025Z" hostname="chromium" tests="1" failures="0" skipped="0" time="47.915" errors="0">
<testcase name="🏠 Stagehand Authentication Flow [Localhost] › 🏠 Complete signup and authentication flow on Localhost" classname="stagehand-auth-test.spec.ts" time="47.915">
<system-out>
<![CDATA[🎭 Initializing Stagehand tests for Localhost environment (http://localhost:19006)
🎭 Testing Stagehand-powered authentication flow on Localhost...
🎯 Phase 1: Core Functionality Testing
✅ Login form loaded – proceeding with authentication test
📝 Logging in with: dudgeon+floratest@gmail.com on Localhost
📊 Localhost login form state: { submitButtonEnabled: [33mtrue[39m, emailFilled: [33mtrue[39m, passwordFilled: [33mtrue[39m }
🔍 Button state before interaction on Localhost: {
  isVisible: [33mtrue[39m,
  isEnabled: [33mfalse[39m,
  buttonText: [32m'Sign In'[39m,
  isLoading: [33mfalse[39m
}
🔍 Button detection: visible=true, enabled=false, text="Sign In"
🎯 Attempting direct Playwright click on submit button
✅ Direct Playwright click successful
⏳ Waiting for login process to complete on Localhost...
✅ Localhost login result: {
  isSuccessful: [33mtrue[39m,
  currentUrl: [32m'/chat'[39m,
  userIsAuthenticated: [33mtrue[39m,
  hasProfileMenu: [33mtrue[39m,
  isStillOnLogin: [33mfalse[39m,
  hasErrorMessages: [33mfalse[39m
}
🎉 Core authentication flow completed successfully on Localhost!
📊 Core functionality verified: {
  environment: [32m'Localhost'[39m,
  authenticated: [33mtrue[39m,
  redirectedFromLogin: [33mtrue[39m,
  hasExpectedContent: [33mtrue[39m
}
🔧 Phase 2: Secondary Features Testing (Non-Critical)
🔍 Testing profile menu on Localhost...
👤 Localhost profile menu state: {
  isMenuOpen: [33mtrue[39m,
  userEmail: [32m'dudgeon+floratest@gmail.com'[39m,
  hasLogoutButton: [33mtrue[39m
}
⚠️ Secondary features testing failed on Localhost (non-critical): Menu interaction timeout after 15s
🧹 Phase 3: Cleanup Phase (Non-Critical)
📋 Final Localhost test state: {
  currentUrl: [32m'null'[39m,
  pageContent: [32m'Profile\n'[39m +
    [32m'×\n'[39m +
    [32m'dudgeon+floratest@gmail.com\n'[39m +
    [32m'EMAIL\n'[39m +
    [32m'ACCOUNT\n'[39m +
    [32m'Settings\n'[39m +
    [32m'Preferences\n'[39m +
    [32m'Sign Out'[39m,
  testCompleted: [33mtrue[39m
}
🎉 Stagehand authentication flow test completed successfully on Localhost!
]]>
</system-out>
</testcase>
</testsuite>
<testsuite name="stagehand-login-test.spec.ts" timestamp="2025-06-17T01:32:44.025Z" hostname="chromium" tests="1" failures="1" skipped="0" time="24.754" errors="0">
<testcase name="🏠 Stagehand Login Flow [Localhost] › 🏠 User can log in and reach chat on Localhost" classname="stagehand-login-test.spec.ts" time="24.754">
<failure message="stagehand-login-test.spec.ts:97:9 🏠 User can log in and reach chat on Localhost" type="FAILURE">
<![CDATA[  [chromium] › stagehand-login-test.spec.ts:97:9 › 🏠 Stagehand Login Flow [Localhost] › 🏠 User can log in and reach chat on Localhost 

    Error: expect(received).toBe(expected) // Object.is equality

    Expected: true
    Received: false

      213 |         // These assertions MUST pass for test to succeed
      214 |         expect(loginResult.isOnChatPage).toBe(true);
    > 215 |         expect(loginResult.userIsAuthenticated).toBe(true);
          |                                                 ^
      216 |         expect(loginResult.hasErrorMessages).toBe(false);
      217 |
      218 |         console.log('🎉 Core login flow completed successfully!');
        at /Users/geoffreydudgeon/Documents/Cursor Projects/chat-frontier-flora/e2e/stagehand-login-test.spec.ts:215:49

    attachment #1: screenshot (image/png) ──────────────────────────────────────────────────────────
    test-results/stagehand-login-test-🏠-St-c2f4a-and-reach-chat-on-Localhost-chromium/test-failed-1.png
    ────────────────────────────────────────────────────────────────────────────────────────────────

    Error Context: ../test-results/stagehand-login-test-🏠-St-c2f4a-and-reach-chat-on-Localhost-chromium/error-context.md
]]>
</failure>
<system-out>
<![CDATA[🎭 Stagehand login test initialised – Localhost
🎯 Phase 1: Core Login Flow
📝 Logging in as: dudgeon+floratest@gmail.com
🔍 Button state before interaction: {"isVisible":false,"isEnabled":false,"buttonText":"null","isLoading":false}
🎯 Attempting button click
✅ Button clicked via testID
⏳ Waiting for login process to complete...
✅ Login result: {
  "isOnChatPage": true,
  "hasComingSoonText": false,
  "currentUrl": "http://localhost:19006/chat",
  "userIsAuthenticated": false,
  "hasProfileMenu": false,
  "hasWelcomeMessage": false,
  "hasErrorMessages": false
}

[[ATTACHMENT|stagehand-login-test-🏠-St-c2f4a-and-reach-chat-on-Localhost-chromium/test-failed-1.png]]

[[ATTACHMENT|stagehand-login-test-🏠-St-c2f4a-and-reach-chat-on-Localhost-chromium/error-context.md]]
]]>
</system-out>
<system-err>
<![CDATA[❌ Core login failure: ExpectError: [2mexpect([22m[31mreceived[39m[2m).[22mtoBe[2m([22m[32mexpected[39m[2m) // Object.is equality[22m

Expected: [32mtrue[39m
Received: [31mfalse[39m
    at [90m/Users/geoffreydudgeon/Documents/Cursor Projects/chat-frontier-flora/[39me2e/stagehand-login-test.spec.ts:215:49 {
  matcherResult: {
    actual: [33mfalse[39m,
    expected: [33mtrue[39m,
    message: [32m'\x1B[2mexpect(\x1B[22m\x1B[31mreceived\x1B[39m\x1B[2m).\x1B[22mtoBe\x1B[2m(\x1B[22m\x1B[32mexpected\x1B[39m\x1B[2m) // Object.is equality\x1B[22m\n'[39m +
      [32m'\n'[39m +
      [32m'Expected: \x1B[32mtrue\x1B[39m\n'[39m +
      [32m'Received: \x1B[31mfalse\x1B[39m'[39m,
    name: [32m'toBe'[39m,
    pass: [33mfalse[39m
  },
  [[32mSymbol(step)[39m]: {
    stepId: [32m'expect@140'[39m,
    category: [32m'expect'[39m,
    title: [32m'expect.toBe'[39m,
    params: { expected: [33mtrue[39m },
    infectParentStepsWithError: [90mundefined[39m,
    boxedStack: [90mundefined[39m,
    location: {
      file: [32m'/Users/geoffreydudgeon/Documents/Cursor Projects/chat-frontier-flora/e2e/stagehand-login-test.spec.ts'[39m,
      line: [33m215[39m,
      column: [33m49[39m
    },
    steps: [],
    attachmentIndices: [],
    info: TestStepInfoImpl {
      annotations: [],
      _testInfo: [36m[TestInfoImpl][39m,
      _stepId: [32m'expect@140'[39m
    },
    complete: [36m[Function: complete][39m,
    endWallTime: [33m1750123989154[39m,
    error: {
      message: [32m'Error: \x1B[2mexpect(\x1B[22m\x1B[31mreceived\x1B[39m\x1B[2m).\x1B[22mtoBe\x1B[2m(\x1B[22m\x1B[32mexpected\x1B[39m\x1B[2m) // Object.is equality\x1B[22m\n'[39m +
        [32m'\n'[39m +
        [32m'Expected: \x1B[32mtrue\x1B[39m\n'[39m +
        [32m'Received: \x1B[31mfalse\x1B[39m'[39m,
      stack: [32m'Error: \x1B[2mexpect(\x1B[22m\x1B[31mreceived\x1B[39m\x1B[2m).\x1B[22mtoBe\x1B[2m(\x1B[22m\x1B[32mexpected\x1B[39m\x1B[2m) // Object.is equality\x1B[22m\n'[39m +
        [32m'\n'[39m +
        [32m'Expected: \x1B[32mtrue\x1B[39m\n'[39m +
        [32m'Received: \x1B[31mfalse\x1B[39m\n'[39m +
        [32m'    at /Users/geoffreydudgeon/Documents/Cursor Projects/chat-frontier-flora/e2e/stagehand-login-test.spec.ts:215:49'[39m,
      cause: [90mundefined[39m
    }
  }
}
]]>
</system-err>
</testcase>
</testsuite>
<testsuite name="stagehand-production-auth.spec.ts" timestamp="2025-06-17T01:32:44.025Z" hostname="chromium" tests="1" failures="0" skipped="0" time="11.001" errors="0">
<testcase name="🌐 Stagehand Production Authentication › 🌐 Production site verification and health check" classname="stagehand-production-auth.spec.ts" time="11.001">
<system-out>
<![CDATA[🎭 Initializing Stagehand for Production environment (https://frontier-family-flora.netlify.app)
🌐 Testing production deployment with Stagehand...
🏭 Production state: {
  siteLoaded: [33mtrue[39m,
  hasSignupForm: [33mtrue[39m,
  isResponsive: [33mtrue[39m,
  hasTitle: [33mfalse[39m,
  formFieldsVisible: [33mtrue[39m
}
📱 Responsive: true
📄 Has Title: false
✅ Production site verification passed!
]]>
</system-out>
</testcase>
</testsuite>
<testsuite name="stagehand-auth-test.spec.ts" timestamp="2025-06-17T01:32:44.025Z" hostname="firefox" tests="1" failures="0" skipped="0" time="48.227" errors="0">
<testcase name="🏠 Stagehand Authentication Flow [Localhost] › 🏠 Complete signup and authentication flow on Localhost" classname="stagehand-auth-test.spec.ts" time="48.227">
<system-out>
<![CDATA[🎭 Initializing Stagehand tests for Localhost environment (http://localhost:19006)
🎭 Testing Stagehand-powered authentication flow on Localhost...
🎯 Phase 1: Core Functionality Testing
✅ Login form loaded – proceeding with authentication test
📝 Logging in with: dudgeon+floratest@gmail.com on Localhost
📊 Localhost login form state: { submitButtonEnabled: [33mtrue[39m, emailFilled: [33mtrue[39m, passwordFilled: [33mtrue[39m }
🔍 Button state before interaction on Localhost: {
  isVisible: [33mtrue[39m,
  isEnabled: [33mfalse[39m,
  buttonText: [32m'Sign In'[39m,
  isLoading: [33mfalse[39m
}
🔍 Button detection: visible=true, enabled=false, text="Sign In"
🎯 Attempting direct Playwright click on submit button
✅ Direct Playwright click successful
⏳ Waiting for login process to complete on Localhost...
✅ Localhost login result: {
  isSuccessful: [33mtrue[39m,
  currentUrl: [32m'/chat'[39m,
  userIsAuthenticated: [33mtrue[39m,
  hasProfileMenu: [33mtrue[39m,
  isStillOnLogin: [33mfalse[39m,
  hasErrorMessages: [33mfalse[39m
}
🎉 Core authentication flow completed successfully on Localhost!
📊 Core functionality verified: {
  environment: [32m'Localhost'[39m,
  authenticated: [33mtrue[39m,
  redirectedFromLogin: [33mtrue[39m,
  hasExpectedContent: [33mtrue[39m
}
🔧 Phase 2: Secondary Features Testing (Non-Critical)
🔍 Testing profile menu on Localhost...
👤 Localhost profile menu state: {
  isMenuOpen: [33mtrue[39m,
  userEmail: [32m'dudgeon+floratest@gmail.com'[39m,
  hasLogoutButton: [33mtrue[39m
}
⚠️ Secondary features testing failed on Localhost (non-critical): Menu interaction timeout after 15s
🧹 Phase 3: Cleanup Phase (Non-Critical)
📋 Final Localhost test state: {
  currentUrl: [32m'null'[39m,
  pageContent: [32m'Profile\n'[39m +
    [32m'×\n'[39m +
    [32m'dudgeon+floratest@gmail.com\n'[39m +
    [32m'EMAIL\n'[39m +
    [32m'ACCOUNT\n'[39m +
    [32m'Settings\n'[39m +
    [32m'Preferences\n'[39m +
    [32m'Sign Out'[39m,
  testCompleted: [33mtrue[39m
}
🎉 Stagehand authentication flow test completed successfully on Localhost!
]]>
</system-out>
</testcase>
</testsuite>
<testsuite name="stagehand-login-test.spec.ts" timestamp="2025-06-17T01:32:44.025Z" hostname="firefox" tests="1" failures="1" skipped="0" time="24.539" errors="0">
<testcase name="🏠 Stagehand Login Flow [Localhost] › 🏠 User can log in and reach chat on Localhost" classname="stagehand-login-test.spec.ts" time="24.539">
<failure message="stagehand-login-test.spec.ts:97:9 🏠 User can log in and reach chat on Localhost" type="FAILURE">
<![CDATA[  [firefox] › stagehand-login-test.spec.ts:97:9 › 🏠 Stagehand Login Flow [Localhost] › 🏠 User can log in and reach chat on Localhost 

    Error: expect(received).toBe(expected) // Object.is equality

    Expected: true
    Received: false

      213 |         // These assertions MUST pass for test to succeed
      214 |         expect(loginResult.isOnChatPage).toBe(true);
    > 215 |         expect(loginResult.userIsAuthenticated).toBe(true);
          |                                                 ^
      216 |         expect(loginResult.hasErrorMessages).toBe(false);
      217 |
      218 |         console.log('🎉 Core login flow completed successfully!');
        at /Users/geoffreydudgeon/Documents/Cursor Projects/chat-frontier-flora/e2e/stagehand-login-test.spec.ts:215:49

    attachment #1: screenshot (image/png) ──────────────────────────────────────────────────────────
    test-results/stagehand-login-test-🏠-St-c2f4a-and-reach-chat-on-Localhost-firefox/test-failed-1.png
    ────────────────────────────────────────────────────────────────────────────────────────────────

    Error Context: ../test-results/stagehand-login-test-🏠-St-c2f4a-and-reach-chat-on-Localhost-firefox/error-context.md
]]>
</failure>
<system-out>
<![CDATA[🎭 Stagehand login test initialised – Localhost
🎯 Phase 1: Core Login Flow
📝 Logging in as: dudgeon+floratest@gmail.com
🔍 Button state before interaction: {"isVisible":false,"isEnabled":false,"buttonText":"null","isLoading":false}
🎯 Attempting button click
✅ Button clicked via testID
⏳ Waiting for login process to complete...
✅ Login result: {
  "isOnChatPage": true,
  "hasComingSoonText": false,
  "currentUrl": "http://localhost:19006/chat",
  "userIsAuthenticated": false,
  "hasProfileMenu": false,
  "hasWelcomeMessage": false,
  "hasErrorMessages": false
}

[[ATTACHMENT|stagehand-login-test-🏠-St-c2f4a-and-reach-chat-on-Localhost-firefox/test-failed-1.png]]

[[ATTACHMENT|stagehand-login-test-🏠-St-c2f4a-and-reach-chat-on-Localhost-firefox/error-context.md]]
]]>
</system-out>
<system-err>
<![CDATA[❌ Core login failure: ExpectError: [2mexpect([22m[31mreceived[39m[2m).[22mtoBe[2m([22m[32mexpected[39m[2m) // Object.is equality[22m

Expected: [32mtrue[39m
Received: [31mfalse[39m
    at [90m/Users/geoffreydudgeon/Documents/Cursor Projects/chat-frontier-flora/[39me2e/stagehand-login-test.spec.ts:215:49 {
  matcherResult: {
    actual: [33mfalse[39m,
    expected: [33mtrue[39m,
    message: [32m'\x1B[2mexpect(\x1B[22m\x1B[31mreceived\x1B[39m\x1B[2m).\x1B[22mtoBe\x1B[2m(\x1B[22m\x1B[32mexpected\x1B[39m\x1B[2m) // Object.is equality\x1B[22m\n'[39m +
      [32m'\n'[39m +
      [32m'Expected: \x1B[32mtrue\x1B[39m\n'[39m +
      [32m'Received: \x1B[31mfalse\x1B[39m'[39m,
    name: [32m'toBe'[39m,
    pass: [33mfalse[39m
  },
  [[32mSymbol(step)[39m]: {
    stepId: [32m'expect@140'[39m,
    category: [32m'expect'[39m,
    title: [32m'expect.toBe'[39m,
    params: { expected: [33mtrue[39m },
    infectParentStepsWithError: [90mundefined[39m,
    boxedStack: [90mundefined[39m,
    location: {
      file: [32m'/Users/geoffreydudgeon/Documents/Cursor Projects/chat-frontier-flora/e2e/stagehand-login-test.spec.ts'[39m,
      line: [33m215[39m,
      column: [33m49[39m
    },
    steps: [],
    attachmentIndices: [],
    info: TestStepInfoImpl {
      annotations: [],
      _testInfo: [36m[TestInfoImpl][39m,
      _stepId: [32m'expect@140'[39m
    },
    complete: [36m[Function: complete][39m,
    endWallTime: [33m1750123988920[39m,
    error: {
      message: [32m'Error: \x1B[2mexpect(\x1B[22m\x1B[31mreceived\x1B[39m\x1B[2m).\x1B[22mtoBe\x1B[2m(\x1B[22m\x1B[32mexpected\x1B[39m\x1B[2m) // Object.is equality\x1B[22m\n'[39m +
        [32m'\n'[39m +
        [32m'Expected: \x1B[32mtrue\x1B[39m\n'[39m +
        [32m'Received: \x1B[31mfalse\x1B[39m'[39m,
      stack: [32m'Error: \x1B[2mexpect(\x1B[22m\x1B[31mreceived\x1B[39m\x1B[2m).\x1B[22mtoBe\x1B[2m(\x1B[22m\x1B[32mexpected\x1B[39m\x1B[2m) // Object.is equality\x1B[22m\n'[39m +
        [32m'\n'[39m +
        [32m'Expected: \x1B[32mtrue\x1B[39m\n'[39m +
        [32m'Received: \x1B[31mfalse\x1B[39m\n'[39m +
        [32m'    at /Users/geoffreydudgeon/Documents/Cursor Projects/chat-frontier-flora/e2e/stagehand-login-test.spec.ts:215:49'[39m,
      cause: [90mundefined[39m
    }
  }
}
]]>
</system-err>
</testcase>
</testsuite>
<testsuite name="stagehand-production-auth.spec.ts" timestamp="2025-06-17T01:32:44.025Z" hostname="firefox" tests="1" failures="0" skipped="0" time="6.74" errors="0">
<testcase name="🌐 Stagehand Production Authentication › 🌐 Production site verification and health check" classname="stagehand-production-auth.spec.ts" time="6.74">
<system-out>
<![CDATA[🎭 Initializing Stagehand for Production environment (https://frontier-family-flora.netlify.app)
🌐 Testing production deployment with Stagehand...
🏭 Production state: {
  siteLoaded: [33mtrue[39m,
  hasSignupForm: [33mtrue[39m,
  isResponsive: [33mtrue[39m,
  hasTitle: [33mfalse[39m,
  formFieldsVisible: [33mtrue[39m
}
📱 Responsive: true
📄 Has Title: false
✅ Production site verification passed!
]]>
</system-out>
</testcase>
</testsuite>
<testsuite name="stagehand-auth-test.spec.ts" timestamp="2025-06-17T01:32:44.025Z" hostname="webkit" tests="1" failures="0" skipped="0" time="41.869" errors="0">
<testcase name="🏠 Stagehand Authentication Flow [Localhost] › 🏠 Complete signup and authentication flow on Localhost" classname="stagehand-auth-test.spec.ts" time="41.869">
<system-out>
<![CDATA[🎭 Initializing Stagehand tests for Localhost environment (http://localhost:19006)
🎭 Testing Stagehand-powered authentication flow on Localhost...
🎯 Phase 1: Core Functionality Testing
✅ Login form loaded – proceeding with authentication test
📝 Logging in with: dudgeon+floratest@gmail.com on Localhost
📊 Localhost login form state: { submitButtonEnabled: [33mtrue[39m, emailFilled: [33mtrue[39m, passwordFilled: [33mtrue[39m }
🔍 Button state before interaction on Localhost: {
  isVisible: [33mtrue[39m,
  isEnabled: [33mfalse[39m,
  buttonText: [32m'Sign In'[39m,
  isLoading: [33mfalse[39m
}
🔍 Button detection: visible=true, enabled=false, text="Sign In"
🎯 Attempting direct Playwright click on submit button
✅ Direct Playwright click successful
⏳ Waiting for login process to complete on Localhost...
✅ Localhost login result: {
  isSuccessful: [33mtrue[39m,
  currentUrl: [32m'/chat'[39m,
  userIsAuthenticated: [33mtrue[39m,
  hasProfileMenu: [33mtrue[39m,
  isStillOnLogin: [33mfalse[39m,
  hasErrorMessages: [33mfalse[39m
}
🎉 Core authentication flow completed successfully on Localhost!
📊 Core functionality verified: {
  environment: [32m'Localhost'[39m,
  authenticated: [33mtrue[39m,
  redirectedFromLogin: [33mtrue[39m,
  hasExpectedContent: [33mtrue[39m
}
🔧 Phase 2: Secondary Features Testing (Non-Critical)
🔍 Testing profile menu on Localhost...
👤 Localhost profile menu state: {
  isMenuOpen: [33mtrue[39m,
  userEmail: [32m'dudgeon+floratest@gmail.com'[39m,
  hasLogoutButton: [33mtrue[39m
}
⚠️ Secondary features testing failed on Localhost (non-critical): Menu interaction timeout after 15s
🧹 Phase 3: Cleanup Phase (Non-Critical)
📋 Final Localhost test state: {
  currentUrl: [32m'null'[39m,
  pageContent: [32m'StaticText: ☰\n'[39m +
    [32m'StaticText: Frontier.Family\n'[39m +
    [32m'StaticText: 👤\n'[39m +
    [32m"StaticText: Hello! I'm your AI assistant. How can I help you today?\n"[39m +
    [32m'StaticText: ➤\n'[39m +
    [32m'StaticText: Profile\n'[39m +
    [32m'StaticText: ×\n'[39m +
    [32m'StaticText: dudgeon+floratest@gmail.com\n'[39m +
    [32m'StaticText: EMAIL\n'[39m +
    [32m'StaticText: ACCOUNT\n'[39m +
    [32m'StaticText: Settings\n'[39m +
    [32m'StaticText: Preferences\n'[39m +
    [32m'StaticText: Sign Out'[39m,
  testCompleted: [33mtrue[39m
}
🎉 Stagehand authentication flow test completed successfully on Localhost!
]]>
</system-out>
</testcase>
</testsuite>
<testsuite name="stagehand-login-test.spec.ts" timestamp="2025-06-17T01:32:44.025Z" hostname="webkit" tests="1" failures="1" skipped="0" time="14.509" errors="0">
<testcase name="🏠 Stagehand Login Flow [Localhost] › 🏠 User can log in and reach chat on Localhost" classname="stagehand-login-test.spec.ts" time="14.509">
<failure message="stagehand-login-test.spec.ts:97:9 🏠 User can log in and reach chat on Localhost" type="FAILURE">
<![CDATA[  [webkit] › stagehand-login-test.spec.ts:97:9 › 🏠 Stagehand Login Flow [Localhost] › 🏠 User can log in and reach chat on Localhost 

    Error: expect(received).toBe(expected) // Object.is equality

    Expected: true
    Received: false

      213 |         // These assertions MUST pass for test to succeed
      214 |         expect(loginResult.isOnChatPage).toBe(true);
    > 215 |         expect(loginResult.userIsAuthenticated).toBe(true);
          |                                                 ^
      216 |         expect(loginResult.hasErrorMessages).toBe(false);
      217 |
      218 |         console.log('🎉 Core login flow completed successfully!');
        at /Users/geoffreydudgeon/Documents/Cursor Projects/chat-frontier-flora/e2e/stagehand-login-test.spec.ts:215:49

    attachment #1: screenshot (image/png) ──────────────────────────────────────────────────────────
    test-results/stagehand-login-test-🏠-St-c2f4a-and-reach-chat-on-Localhost-webkit/test-failed-1.png
    ────────────────────────────────────────────────────────────────────────────────────────────────

    Error Context: ../test-results/stagehand-login-test-🏠-St-c2f4a-and-reach-chat-on-Localhost-webkit/error-context.md
]]>
</failure>
<system-out>
<![CDATA[🎭 Stagehand login test initialised – Localhost
🎯 Phase 1: Core Login Flow
📝 Logging in as: dudgeon+floratest@gmail.com
🔍 Button state before interaction: {"isVisible":false,"isEnabled":false,"buttonText":"Sign In","isLoading":false}
🎯 Attempting button click
✅ Button clicked via testID
⏳ Waiting for login process to complete...
✅ Login result: {
  "isOnChatPage": true,
  "hasComingSoonText": false,
  "currentUrl": "http://localhost:19006/chat",
  "userIsAuthenticated": false,
  "hasProfileMenu": false,
  "hasWelcomeMessage": false,
  "hasErrorMessages": false
}

[[ATTACHMENT|stagehand-login-test-🏠-St-c2f4a-and-reach-chat-on-Localhost-webkit/test-failed-1.png]]

[[ATTACHMENT|stagehand-login-test-🏠-St-c2f4a-and-reach-chat-on-Localhost-webkit/error-context.md]]
]]>
</system-out>
<system-err>
<![CDATA[❌ Core login failure: ExpectError: [2mexpect([22m[31mreceived[39m[2m).[22mtoBe[2m([22m[32mexpected[39m[2m) // Object.is equality[22m

Expected: [32mtrue[39m
Received: [31mfalse[39m
    at [90m/Users/geoffreydudgeon/Documents/Cursor Projects/chat-frontier-flora/[39me2e/stagehand-login-test.spec.ts:215:49 {
  matcherResult: {
    actual: [33mfalse[39m,
    expected: [33mtrue[39m,
    message: [32m'\x1B[2mexpect(\x1B[22m\x1B[31mreceived\x1B[39m\x1B[2m).\x1B[22mtoBe\x1B[2m(\x1B[22m\x1B[32mexpected\x1B[39m\x1B[2m) // Object.is equality\x1B[22m\n'[39m +
      [32m'\n'[39m +
      [32m'Expected: \x1B[32mtrue\x1B[39m\n'[39m +
      [32m'Received: \x1B[31mfalse\x1B[39m'[39m,
    name: [32m'toBe'[39m,
    pass: [33mfalse[39m
  },
  [[32mSymbol(step)[39m]: {
    stepId: [32m'expect@140'[39m,
    category: [32m'expect'[39m,
    title: [32m'expect.toBe'[39m,
    params: { expected: [33mtrue[39m },
    infectParentStepsWithError: [90mundefined[39m,
    boxedStack: [90mundefined[39m,
    location: {
      file: [32m'/Users/geoffreydudgeon/Documents/Cursor Projects/chat-frontier-flora/e2e/stagehand-login-test.spec.ts'[39m,
      line: [33m215[39m,
      column: [33m49[39m
    },
    steps: [],
    attachmentIndices: [],
    info: TestStepInfoImpl {
      annotations: [],
      _testInfo: [36m[TestInfoImpl][39m,
      _stepId: [32m'expect@140'[39m
    },
    complete: [36m[Function: complete][39m,
    endWallTime: [33m1750124003875[39m,
    error: {
      message: [32m'Error: \x1B[2mexpect(\x1B[22m\x1B[31mreceived\x1B[39m\x1B[2m).\x1B[22mtoBe\x1B[2m(\x1B[22m\x1B[32mexpected\x1B[39m\x1B[2m) // Object.is equality\x1B[22m\n'[39m +
        [32m'\n'[39m +
        [32m'Expected: \x1B[32mtrue\x1B[39m\n'[39m +
        [32m'Received: \x1B[31mfalse\x1B[39m'[39m,
      stack: [32m'Error: \x1B[2mexpect(\x1B[22m\x1B[31mreceived\x1B[39m\x1B[2m).\x1B[22mtoBe\x1B[2m(\x1B[22m\x1B[32mexpected\x1B[39m\x1B[2m) // Object.is equality\x1B[22m\n'[39m +
        [32m'\n'[39m +
        [32m'Expected: \x1B[32mtrue\x1B[39m\n'[39m +
        [32m'Received: \x1B[31mfalse\x1B[39m\n'[39m +
        [32m'    at /Users/geoffreydudgeon/Documents/Cursor Projects/chat-frontier-flora/e2e/stagehand-login-test.spec.ts:215:49'[39m,
      cause: [90mundefined[39m
    }
  }
}
]]>
</system-err>
</testcase>
</testsuite>
<testsuite name="stagehand-production-auth.spec.ts" timestamp="2025-06-17T01:32:44.025Z" hostname="webkit" tests="1" failures="0" skipped="0" time="8.447" errors="0">
<testcase name="🌐 Stagehand Production Authentication › 🌐 Production site verification and health check" classname="stagehand-production-auth.spec.ts" time="8.447">
<system-out>
<![CDATA[🎭 Initializing Stagehand for Production environment (https://frontier-family-flora.netlify.app)
🌐 Testing production deployment with Stagehand...
🏭 Production state: {
  siteLoaded: [33mtrue[39m,
  hasSignupForm: [33mtrue[39m,
  isResponsive: [33mtrue[39m,
  hasTitle: [33mfalse[39m,
  formFieldsVisible: [33mtrue[39m
}
📱 Responsive: true
📄 Has Title: false
✅ Production site verification passed!
]]>
</system-out>
</testcase>
</testsuite>
<testsuite name="stagehand-auth-test.spec.ts" timestamp="2025-06-17T01:32:44.025Z" hostname="Mobile Chrome" tests="1" failures="0" skipped="0" time="39.959" errors="0">
<testcase name="🏠 Stagehand Authentication Flow [Localhost] › 🏠 Complete signup and authentication flow on Localhost" classname="stagehand-auth-test.spec.ts" time="39.959">
<system-out>
<![CDATA[🎭 Initializing Stagehand tests for Localhost environment (http://localhost:19006)
🎭 Testing Stagehand-powered authentication flow on Localhost...
🎯 Phase 1: Core Functionality Testing
✅ Login form loaded – proceeding with authentication test
📝 Logging in with: dudgeon+floratest@gmail.com on Localhost
📊 Localhost login form state: { submitButtonEnabled: [33mtrue[39m, emailFilled: [33mtrue[39m, passwordFilled: [33mtrue[39m }
🔍 Button state before interaction on Localhost: {
  isVisible: [33mtrue[39m,
  isEnabled: [33mtrue[39m,
  buttonText: [32m'Sign In'[39m,
  isLoading: [33mfalse[39m
}
🔍 Button detection: visible=true, enabled=true, text="Sign In"
🎯 Attempting direct Playwright click on submit button
✅ Direct Playwright click successful
⏳ Waiting for login process to complete on Localhost...
✅ Localhost login result: {
  isSuccessful: [33mtrue[39m,
  currentUrl: [32m'/chat'[39m,
  userIsAuthenticated: [33mtrue[39m,
  hasProfileMenu: [33mtrue[39m,
  isStillOnLogin: [33mfalse[39m,
  hasErrorMessages: [33mfalse[39m
}
🎉 Core authentication flow completed successfully on Localhost!
📊 Core functionality verified: {
  environment: [32m'Localhost'[39m,
  authenticated: [33mtrue[39m,
  redirectedFromLogin: [33mtrue[39m,
  hasExpectedContent: [33mtrue[39m
}
🔧 Phase 2: Secondary Features Testing (Non-Critical)
🔍 Testing profile menu on Localhost...
👤 Localhost profile menu state: {
  isMenuOpen: [33mtrue[39m,
  userEmail: [32m'dudgeon+floratest@gmail.com'[39m,
  hasLogoutButton: [33mtrue[39m
}
⚠️ Secondary features testing failed on Localhost (non-critical): Menu interaction timeout after 15s
🧹 Phase 3: Cleanup Phase (Non-Critical)
📋 Final Localhost test state: {
  currentUrl: [32m'null'[39m,
  pageContent: [32m'Profile\n'[39m +
    [32m'×\n'[39m +
    [32m'dudgeon+floratest@gmail.com\n'[39m +
    [32m'EMAIL\n'[39m +
    [32m'ACCOUNT\n'[39m +
    [32m'Settings\n'[39m +
    [32m'Preferences\n'[39m +
    [32m'Sign Out'[39m,
  testCompleted: [33mtrue[39m
}
🎉 Stagehand authentication flow test completed successfully on Localhost!
]]>
</system-out>
</testcase>
</testsuite>
<testsuite name="stagehand-login-test.spec.ts" timestamp="2025-06-17T01:32:44.025Z" hostname="Mobile Chrome" tests="1" failures="1" skipped="0" time="15.756" errors="0">
<testcase name="🏠 Stagehand Login Flow [Localhost] › 🏠 User can log in and reach chat on Localhost" classname="stagehand-login-test.spec.ts" time="15.756">
<failure message="stagehand-login-test.spec.ts:97:9 🏠 User can log in and reach chat on Localhost" type="FAILURE">
<![CDATA[  [Mobile Chrome] › stagehand-login-test.spec.ts:97:9 › 🏠 Stagehand Login Flow [Localhost] › 🏠 User can log in and reach chat on Localhost 

    Error: expect(received).toBe(expected) // Object.is equality

    Expected: true
    Received: false

      213 |         // These assertions MUST pass for test to succeed
      214 |         expect(loginResult.isOnChatPage).toBe(true);
    > 215 |         expect(loginResult.userIsAuthenticated).toBe(true);
          |                                                 ^
      216 |         expect(loginResult.hasErrorMessages).toBe(false);
      217 |
      218 |         console.log('🎉 Core login flow completed successfully!');
        at /Users/geoffreydudgeon/Documents/Cursor Projects/chat-frontier-flora/e2e/stagehand-login-test.spec.ts:215:49

    attachment #1: screenshot (image/png) ──────────────────────────────────────────────────────────
    test-results/stagehand-login-test-🏠-St-c2f4a-and-reach-chat-on-Localhost-Mobile-Chrome/test-failed-1.png
    ────────────────────────────────────────────────────────────────────────────────────────────────

    Error Context: ../test-results/stagehand-login-test-🏠-St-c2f4a-and-reach-chat-on-Localhost-Mobile-Chrome/error-context.md
]]>
</failure>
<system-out>
<![CDATA[🎭 Stagehand login test initialised – Localhost
🎯 Phase 1: Core Login Flow
📝 Logging in as: dudgeon+floratest@gmail.com
🔍 Button state before interaction: {"isVisible":false,"isEnabled":false,"buttonText":"Sign In","isLoading":false}
🎯 Attempting button click
✅ Button clicked via testID
⏳ Waiting for login process to complete...
✅ Login result: {
  "isOnChatPage": true,
  "hasComingSoonText": false,
  "currentUrl": "http://localhost:19006/chat",
  "userIsAuthenticated": false,
  "hasProfileMenu": false,
  "hasWelcomeMessage": false,
  "hasErrorMessages": false
}

[[ATTACHMENT|stagehand-login-test-🏠-St-c2f4a-and-reach-chat-on-Localhost-Mobile-Chrome/test-failed-1.png]]

[[ATTACHMENT|stagehand-login-test-🏠-St-c2f4a-and-reach-chat-on-Localhost-Mobile-Chrome/error-context.md]]
]]>
</system-out>
<system-err>
<![CDATA[❌ Core login failure: ExpectError: [2mexpect([22m[31mreceived[39m[2m).[22mtoBe[2m([22m[32mexpected[39m[2m) // Object.is equality[22m

Expected: [32mtrue[39m
Received: [31mfalse[39m
    at [90m/Users/geoffreydudgeon/Documents/Cursor Projects/chat-frontier-flora/[39me2e/stagehand-login-test.spec.ts:215:49 {
  matcherResult: {
    actual: [33mfalse[39m,
    expected: [33mtrue[39m,
    message: [32m'\x1B[2mexpect(\x1B[22m\x1B[31mreceived\x1B[39m\x1B[2m).\x1B[22mtoBe\x1B[2m(\x1B[22m\x1B[32mexpected\x1B[39m\x1B[2m) // Object.is equality\x1B[22m\n'[39m +
      [32m'\n'[39m +
      [32m'Expected: \x1B[32mtrue\x1B[39m\n'[39m +
      [32m'Received: \x1B[31mfalse\x1B[39m'[39m,
    name: [32m'toBe'[39m,
    pass: [33mfalse[39m
  },
  [[32mSymbol(step)[39m]: {
    stepId: [32m'expect@140'[39m,
    category: [32m'expect'[39m,
    title: [32m'expect.toBe'[39m,
    params: { expected: [33mtrue[39m },
    infectParentStepsWithError: [90mundefined[39m,
    boxedStack: [90mundefined[39m,
    location: {
      file: [32m'/Users/geoffreydudgeon/Documents/Cursor Projects/chat-frontier-flora/e2e/stagehand-login-test.spec.ts'[39m,
      line: [33m215[39m,
      column: [33m49[39m
    },
    steps: [],
    attachmentIndices: [],
    info: TestStepInfoImpl {
      annotations: [],
      _testInfo: [36m[TestInfoImpl][39m,
      _stepId: [32m'expect@140'[39m
    },
    complete: [36m[Function: complete][39m,
    endWallTime: [33m1750124020694[39m,
    error: {
      message: [32m'Error: \x1B[2mexpect(\x1B[22m\x1B[31mreceived\x1B[39m\x1B[2m).\x1B[22mtoBe\x1B[2m(\x1B[22m\x1B[32mexpected\x1B[39m\x1B[2m) // Object.is equality\x1B[22m\n'[39m +
        [32m'\n'[39m +
        [32m'Expected: \x1B[32mtrue\x1B[39m\n'[39m +
        [32m'Received: \x1B[31mfalse\x1B[39m'[39m,
      stack: [32m'Error: \x1B[2mexpect(\x1B[22m\x1B[31mreceived\x1B[39m\x1B[2m).\x1B[22mtoBe\x1B[2m(\x1B[22m\x1B[32mexpected\x1B[39m\x1B[2m) // Object.is equality\x1B[22m\n'[39m +
        [32m'\n'[39m +
        [32m'Expected: \x1B[32mtrue\x1B[39m\n'[39m +
        [32m'Received: \x1B[31mfalse\x1B[39m\n'[39m +
        [32m'    at /Users/geoffreydudgeon/Documents/Cursor Projects/chat-frontier-flora/e2e/stagehand-login-test.spec.ts:215:49'[39m,
      cause: [90mundefined[39m
    }
  }
}
]]>
</system-err>
</testcase>
</testsuite>
<testsuite name="stagehand-production-auth.spec.ts" timestamp="2025-06-17T01:32:44.025Z" hostname="Mobile Chrome" tests="1" failures="0" skipped="0" time="9.73" errors="0">
<testcase name="🌐 Stagehand Production Authentication › 🌐 Production site verification and health check" classname="stagehand-production-auth.spec.ts" time="9.73">
<system-out>
<![CDATA[🎭 Initializing Stagehand for Production environment (https://frontier-family-flora.netlify.app)
🌐 Testing production deployment with Stagehand...
🏭 Production state: {
  siteLoaded: [33mtrue[39m,
  hasSignupForm: [33mtrue[39m,
  isResponsive: [33mtrue[39m,
  hasTitle: [33mfalse[39m,
  formFieldsVisible: [33mtrue[39m
}
📱 Responsive: true
📄 Has Title: false
✅ Production site verification passed!
]]>
</system-out>
</testcase>
</testsuite>
<testsuite name="stagehand-auth-test.spec.ts" timestamp="2025-06-17T01:32:44.025Z" hostname="Mobile Safari" tests="1" failures="0" skipped="0" time="40.192" errors="0">
<testcase name="🏠 Stagehand Authentication Flow [Localhost] › 🏠 Complete signup and authentication flow on Localhost" classname="stagehand-auth-test.spec.ts" time="40.192">
<system-out>
<![CDATA[🎭 Initializing Stagehand tests for Localhost environment (http://localhost:19006)
🎭 Testing Stagehand-powered authentication flow on Localhost...
🎯 Phase 1: Core Functionality Testing
✅ Login form loaded – proceeding with authentication test
📝 Logging in with: dudgeon+floratest@gmail.com on Localhost
📊 Localhost login form state: { submitButtonEnabled: [33mtrue[39m, emailFilled: [33mtrue[39m, passwordFilled: [33mtrue[39m }
🔍 Button state before interaction on Localhost: {
  isVisible: [33mtrue[39m,
  isEnabled: [33mfalse[39m,
  buttonText: [32m'Sign In'[39m,
  isLoading: [33mfalse[39m
}
🔍 Button detection: visible=true, enabled=false, text="Sign In"
🎯 Attempting direct Playwright click on submit button
✅ Direct Playwright click successful
⏳ Waiting for login process to complete on Localhost...
✅ Localhost login result: {
  isSuccessful: [33mtrue[39m,
  currentUrl: [32m'/chat'[39m,
  userIsAuthenticated: [33mtrue[39m,
  hasProfileMenu: [33mtrue[39m,
  isStillOnLogin: [33mfalse[39m,
  hasErrorMessages: [33mfalse[39m
}
🎉 Core authentication flow completed successfully on Localhost!
📊 Core functionality verified: {
  environment: [32m'Localhost'[39m,
  authenticated: [33mtrue[39m,
  redirectedFromLogin: [33mtrue[39m,
  hasExpectedContent: [33mtrue[39m
}
🔧 Phase 2: Secondary Features Testing (Non-Critical)
🔍 Testing profile menu on Localhost...
👤 Localhost profile menu state: {
  isMenuOpen: [33mtrue[39m,
  userEmail: [32m'dudgeon+floratest@gmail.com'[39m,
  hasLogoutButton: [33mtrue[39m
}
⚠️ Secondary features testing failed on Localhost (non-critical): Menu interaction timeout after 15s
🧹 Phase 3: Cleanup Phase (Non-Critical)
📋 Final Localhost test state: {
  currentUrl: [32m'null'[39m,
  pageContent: [32m'Profile\n'[39m +
    [32m'×\n'[39m +
    [32m'dudgeon+floratest@gmail.com\n'[39m +
    [32m'EMAIL\n'[39m +
    [32m'ACCOUNT\n'[39m +
    [32m'Settings\n'[39m +
    [32m'Preferences\n'[39m +
    [32m'Sign Out'[39m,
  testCompleted: [33mtrue[39m
}
🎉 Stagehand authentication flow test completed successfully on Localhost!
]]>
</system-out>
</testcase>
</testsuite>
<testsuite name="stagehand-login-test.spec.ts" timestamp="2025-06-17T01:32:44.025Z" hostname="Mobile Safari" tests="1" failures="1" skipped="0" time="16.276" errors="0">
<testcase name="🏠 Stagehand Login Flow [Localhost] › 🏠 User can log in and reach chat on Localhost" classname="stagehand-login-test.spec.ts" time="16.276">
<failure message="stagehand-login-test.spec.ts:97:9 🏠 User can log in and reach chat on Localhost" type="FAILURE">
<![CDATA[  [Mobile Safari] › stagehand-login-test.spec.ts:97:9 › 🏠 Stagehand Login Flow [Localhost] › 🏠 User can log in and reach chat on Localhost 

    Error: expect(received).toBe(expected) // Object.is equality

    Expected: true
    Received: false

      213 |         // These assertions MUST pass for test to succeed
      214 |         expect(loginResult.isOnChatPage).toBe(true);
    > 215 |         expect(loginResult.userIsAuthenticated).toBe(true);
          |                                                 ^
      216 |         expect(loginResult.hasErrorMessages).toBe(false);
      217 |
      218 |         console.log('🎉 Core login flow completed successfully!');
        at /Users/geoffreydudgeon/Documents/Cursor Projects/chat-frontier-flora/e2e/stagehand-login-test.spec.ts:215:49

    attachment #1: screenshot (image/png) ──────────────────────────────────────────────────────────
    test-results/stagehand-login-test-🏠-St-c2f4a-and-reach-chat-on-Localhost-Mobile-Safari/test-failed-1.png
    ────────────────────────────────────────────────────────────────────────────────────────────────

    Error Context: ../test-results/stagehand-login-test-🏠-St-c2f4a-and-reach-chat-on-Localhost-Mobile-Safari/error-context.md
]]>
</failure>
<system-out>
<![CDATA[🎭 Stagehand login test initialised – Localhost
🎯 Phase 1: Core Login Flow
📝 Logging in as: dudgeon+floratest@gmail.com
🔍 Button state before interaction: {"isVisible":false,"isEnabled":false,"buttonText":"Sign In","isLoading":false}
🎯 Attempting button click
✅ Button clicked via testID
⏳ Waiting for login process to complete...
✅ Login result: {
  "isOnChatPage": true,
  "hasComingSoonText": false,
  "currentUrl": "http://localhost:19006/chat",
  "userIsAuthenticated": false,
  "hasProfileMenu": false,
  "hasWelcomeMessage": false,
  "hasErrorMessages": false
}

[[ATTACHMENT|stagehand-login-test-🏠-St-c2f4a-and-reach-chat-on-Localhost-Mobile-Safari/test-failed-1.png]]

[[ATTACHMENT|stagehand-login-test-🏠-St-c2f4a-and-reach-chat-on-Localhost-Mobile-Safari/error-context.md]]
]]>
</system-out>
<system-err>
<![CDATA[❌ Core login failure: ExpectError: [2mexpect([22m[31mreceived[39m[2m).[22mtoBe[2m([22m[32mexpected[39m[2m) // Object.is equality[22m

Expected: [32mtrue[39m
Received: [31mfalse[39m
    at [90m/Users/geoffreydudgeon/Documents/Cursor Projects/chat-frontier-flora/[39me2e/stagehand-login-test.spec.ts:215:49 {
  matcherResult: {
    actual: [33mfalse[39m,
    expected: [33mtrue[39m,
    message: [32m'\x1B[2mexpect(\x1B[22m\x1B[31mreceived\x1B[39m\x1B[2m).\x1B[22mtoBe\x1B[2m(\x1B[22m\x1B[32mexpected\x1B[39m\x1B[2m) // Object.is equality\x1B[22m\n'[39m +
      [32m'\n'[39m +
      [32m'Expected: \x1B[32mtrue\x1B[39m\n'[39m +
      [32m'Received: \x1B[31mfalse\x1B[39m'[39m,
    name: [32m'toBe'[39m,
    pass: [33mfalse[39m
  },
  [[32mSymbol(step)[39m]: {
    stepId: [32m'expect@148'[39m,
    category: [32m'expect'[39m,
    title: [32m'expect.toBe'[39m,
    params: { expected: [33mtrue[39m },
    infectParentStepsWithError: [90mundefined[39m,
    boxedStack: [90mundefined[39m,
    location: {
      file: [32m'/Users/geoffreydudgeon/Documents/Cursor Projects/chat-frontier-flora/e2e/stagehand-login-test.spec.ts'[39m,
      line: [33m215[39m,
      column: [33m49[39m
    },
    steps: [],
    attachmentIndices: [],
    info: TestStepInfoImpl {
      annotations: [],
      _testInfo: [36m[TestInfoImpl][39m,
      _stepId: [32m'expect@148'[39m
    },
    complete: [36m[Function: complete][39m,
    endWallTime: [33m1750124037994[39m,
    error: {
      message: [32m'Error: \x1B[2mexpect(\x1B[22m\x1B[31mreceived\x1B[39m\x1B[2m).\x1B[22mtoBe\x1B[2m(\x1B[22m\x1B[32mexpected\x1B[39m\x1B[2m) // Object.is equality\x1B[22m\n'[39m +
        [32m'\n'[39m +
        [32m'Expected: \x1B[32mtrue\x1B[39m\n'[39m +
        [32m'Received: \x1B[31mfalse\x1B[39m'[39m,
      stack: [32m'Error: \x1B[2mexpect(\x1B[22m\x1B[31mreceived\x1B[39m\x1B[2m).\x1B[22mtoBe\x1B[2m(\x1B[22m\x1B[32mexpected\x1B[39m\x1B[2m) // Object.is equality\x1B[22m\n'[39m +
        [32m'\n'[39m +
        [32m'Expected: \x1B[32mtrue\x1B[39m\n'[39m +
        [32m'Received: \x1B[31mfalse\x1B[39m\n'[39m +
        [32m'    at /Users/geoffreydudgeon/Documents/Cursor Projects/chat-frontier-flora/e2e/stagehand-login-test.spec.ts:215:49'[39m,
      cause: [90mundefined[39m
    }
  }
}
]]>
</system-err>
</testcase>
</testsuite>
<testsuite name="stagehand-production-auth.spec.ts" timestamp="2025-06-17T01:32:44.025Z" hostname="Mobile Safari" tests="1" failures="0" skipped="0" time="8.697" errors="0">
<testcase name="🌐 Stagehand Production Authentication › 🌐 Production site verification and health check" classname="stagehand-production-auth.spec.ts" time="8.697">
<system-out>
<![CDATA[🎭 Initializing Stagehand for Production environment (https://frontier-family-flora.netlify.app)
🌐 Testing production deployment with Stagehand...
🏭 Production state: {
  siteLoaded: [33mtrue[39m,
  hasSignupForm: [33mtrue[39m,
  isResponsive: [33mtrue[39m,
  hasTitle: [33mfalse[39m,
  formFieldsVisible: [33mtrue[39m
}
📱 Responsive: true
📄 Has Title: false
✅ Production site verification passed!
]]>
</system-out>
</testcase>
</testsuite>
</testsuites>