<testsuites id="" name="" tests="1" failures="1" skipped="0" errors="0" time="31.797729999999998">
<testsuite name="signup-nativewind-validation.spec.ts" timestamp="2025-06-17T23:06:59.698Z" hostname="chromium" tests="1" failures="1" skipped="0" time="31.022" errors="0">
<testcase name="NativeWind Signup Form Validation › navigation between forms should work" classname="signup-nativewind-validation.spec.ts" time="31.022">
<failure message="signup-nativewind-validation.spec.ts:158:7 navigation between forms should work" type="FAILURE">
<![CDATA[  [chromium] › signup-nativewind-validation.spec.ts:158:7 › NativeWind Signup Form Validation › navigation between forms should work 

    Test timeout of 30000ms exceeded.

    Error: page.waitForSelector: Test timeout of 30000ms exceeded.
    Call log:
      - waiting for locator('[data-testid="login-form"]') to be visible


      159 |     // Click "Sign In" link to go to login
      160 |     await page.click('[data-testid="switch-to-login"]');
    > 161 |     await page.waitForSelector('[data-testid="login-form"]');
          |                ^
      162 |     await expect(page.url()).toContain('/login');
      163 |     
      164 |     // Click "Sign Up" link to go back to signup
        at /Users/geoffreydudgeon/Documents/Cursor Projects/chat-frontier-flora/e2e/signup-nativewind-validation.spec.ts:161:16

    attachment #1: screenshot (image/png) ──────────────────────────────────────────────────────────
    test-results/signup-nativewind-validati-26c20-n-between-forms-should-work-chromium/test-failed-1.png
    ────────────────────────────────────────────────────────────────────────────────────────────────

    attachment #2: video (video/webm) ──────────────────────────────────────────────────────────────
    test-results/signup-nativewind-validati-26c20-n-between-forms-should-work-chromium/video.webm
    ────────────────────────────────────────────────────────────────────────────────────────────────

    Error Context: ../test-results/signup-nativewind-validati-26c20-n-between-forms-should-work-chromium/error-context.md
]]>
</failure>
<system-out>
<![CDATA[
[[ATTACHMENT|signup-nativewind-validati-26c20-n-between-forms-should-work-chromium/test-failed-1.png]]

[[ATTACHMENT|signup-nativewind-validati-26c20-n-between-forms-should-work-chromium/video.webm]]

[[ATTACHMENT|signup-nativewind-validati-26c20-n-between-forms-should-work-chromium/error-context.md]]
]]>
</system-out>
</testcase>
</testsuite>
</testsuites>