<testsuites id="" name="" tests="15" failures="5" skipped="5" errors="0" time="101.133321">
<testsuite name="stagehand-auth-test.spec.ts" timestamp="2025-06-09T18:45:37.208Z" hostname="chromium" tests="1" failures="1" skipped="0" time="60.263" errors="0">
<testcase name="Stagehand Authentication Flow › should complete signup flow with natural language actions" classname="stagehand-auth-test.spec.ts" time="60.263">
<failure message="stagehand-auth-test.spec.ts:38:7 should complete signup flow with natural language actions" type="FAILURE">
<![CDATA[  [chromium] › stagehand-auth-test.spec.ts:38:7 › Stagehand Authentication Flow › should complete signup flow with natural language actions 

    Test timeout of 60000ms exceeded.

    attachment #1: screenshot (image/png) ──────────────────────────────────────────────────────────
    test-results/stagehand-auth-test-Stageh-3b8b2-th-natural-language-actions-chromium/test-failed-1.png
    ────────────────────────────────────────────────────────────────────────────────────────────────
]]>
</failure>
<system-out>
<![CDATA[🎭 Testing Stagehand-powered authentication flow...
📝 Creating account for: test-1749494748135@stagehand-demo.com
📊 Form state: {
  isFormValid: [33mtrue[39m,
  submitButtonEnabled: [33mtrue[39m,
  passwordStrength: [32m'Strong'[39m
}
⏳ Waiting for signup process to complete...
✅ Signup result: {
  isOnChatPage: [33mtrue[39m,
  hasComingSoonText: [33mtrue[39m,
  currentUrl: [32m'/chat'[39m,
  userIsAuthenticated: [33mtrue[39m,
  hasProfileMenu: [33mtrue[39m
}
📋 Profile menu detected: true
🔍 Attempting to test profile menu functionality...
👤 Profile menu state: {
  isMenuOpen: [33mtrue[39m,
  userEmail: [32m'test-1749494748135@stagehand-demo.com'[39m,
  hasLogoutButton: [33mtrue[39m
}
⚠️ Profile menu testing failed, but core authentication succeeded: 
Hey! We're sorry you ran into an error. 
If you need help, please open a Github issue or reach out to us on Slack: https://stagehand.dev/slack

Full error:
page.evaluate: Target page, context or browser has been closed
🎉 Core authentication flow completed successfully!
🎉 Stagehand authentication flow test completed successfully!

[[ATTACHMENT|stagehand-auth-test-Stageh-3b8b2-th-natural-language-actions-chromium/test-failed-1.png]]
]]>
</system-out>
</testcase>
</testsuite>
<testsuite name="stagehand-production-auth.spec.ts" timestamp="2025-06-09T18:45:37.208Z" hostname="chromium" tests="2" failures="0" skipped="1" time="19.525" errors="0">
<testcase name="Stagehand Production Authentication › should complete full authentication flow on preview deployment" classname="stagehand-production-auth.spec.ts" time="6.6">
<properties>
<property name="skip" value="No DEPLOY_PREVIEW_URL set - this test requires a deploy preview">
</property>
</properties>
<skipped>
</skipped>
</testcase>
<testcase name="Stagehand Production Authentication › should work on production deployment" classname="stagehand-production-auth.spec.ts" time="12.925">
<system-out>
<![CDATA[🌐 Testing production deployment with Stagehand...
🏭 Production state: {
  siteLoaded: [33mtrue[39m,
  hasSignupForm: [33mtrue[39m,
  isResponsive: [33mfalse[39m,
  hasTitle: [33mfalse[39m,
  formFieldsVisible: [33mtrue[39m
}
📱 Responsive: false
📄 Has Title: false
✅ Production site verification passed!
]]>
</system-out>
</testcase>
</testsuite>
<testsuite name="stagehand-auth-test.spec.ts" timestamp="2025-06-09T18:45:37.208Z" hostname="firefox" tests="1" failures="1" skipped="0" time="60.262" errors="0">
<testcase name="Stagehand Authentication Flow › should complete signup flow with natural language actions" classname="stagehand-auth-test.spec.ts" time="60.262">
<failure message="stagehand-auth-test.spec.ts:38:7 should complete signup flow with natural language actions" type="FAILURE">
<![CDATA[  [firefox] › stagehand-auth-test.spec.ts:38:7 › Stagehand Authentication Flow › should complete signup flow with natural language actions 

    Test timeout of 60000ms exceeded.

    attachment #1: screenshot (image/png) ──────────────────────────────────────────────────────────
    test-results/stagehand-auth-test-Stageh-3b8b2-th-natural-language-actions-firefox/test-failed-1.png
    ────────────────────────────────────────────────────────────────────────────────────────────────
]]>
</failure>
<system-out>
<![CDATA[🎭 Testing Stagehand-powered authentication flow...
📝 Creating account for: test-1749494749100@stagehand-demo.com
📊 Form state: {
  isFormValid: [33mtrue[39m,
  submitButtonEnabled: [33mtrue[39m,
  passwordStrength: [32m'Strong'[39m
}
⏳ Waiting for signup process to complete...
✅ Signup result: {
  isOnChatPage: [33mtrue[39m,
  hasComingSoonText: [33mtrue[39m,
  currentUrl: [32m'/chat'[39m,
  userIsAuthenticated: [33mtrue[39m,
  hasProfileMenu: [33mtrue[39m
}
📋 Profile menu detected: true
🔍 Attempting to test profile menu functionality...
👤 Profile menu state: {
  isMenuOpen: [33mtrue[39m,
  userEmail: [32m'test-1749494749100@stagehand-demo.com'[39m,
  hasLogoutButton: [33mtrue[39m
}
⚠️ Profile menu testing failed, but core authentication succeeded: 
Hey! We're sorry you ran into an error. 
If you need help, please open a Github issue or reach out to us on Slack: https://stagehand.dev/slack

Full error:
page.evaluate: Target page, context or browser has been closed
🎉 Core authentication flow completed successfully!
🎉 Stagehand authentication flow test completed successfully!

[[ATTACHMENT|stagehand-auth-test-Stageh-3b8b2-th-natural-language-actions-firefox/test-failed-1.png]]
]]>
</system-out>
</testcase>
</testsuite>
<testsuite name="stagehand-production-auth.spec.ts" timestamp="2025-06-09T18:45:37.208Z" hostname="firefox" tests="2" failures="0" skipped="1" time="23.2" errors="0">
<testcase name="Stagehand Production Authentication › should complete full authentication flow on preview deployment" classname="stagehand-production-auth.spec.ts" time="3.798">
<properties>
<property name="skip" value="No DEPLOY_PREVIEW_URL set - this test requires a deploy preview">
</property>
</properties>
<skipped>
</skipped>
</testcase>
<testcase name="Stagehand Production Authentication › should work on production deployment" classname="stagehand-production-auth.spec.ts" time="19.402">
<system-out>
<![CDATA[🌐 Testing production deployment with Stagehand...
🏭 Production state: {
  siteLoaded: [33mtrue[39m,
  hasSignupForm: [33mtrue[39m,
  isResponsive: [33mfalse[39m,
  hasTitle: [33mfalse[39m,
  formFieldsVisible: [33mtrue[39m
}
📱 Responsive: false
📄 Has Title: false
✅ Production site verification passed!
]]>
</system-out>
</testcase>
</testsuite>
<testsuite name="stagehand-auth-test.spec.ts" timestamp="2025-06-09T18:45:37.208Z" hostname="webkit" tests="1" failures="1" skipped="0" time="60.366" errors="0">
<testcase name="Stagehand Authentication Flow › should complete signup flow with natural language actions" classname="stagehand-auth-test.spec.ts" time="60.366">
<failure message="stagehand-auth-test.spec.ts:38:7 should complete signup flow with natural language actions" type="FAILURE">
<![CDATA[  [webkit] › stagehand-auth-test.spec.ts:38:7 › Stagehand Authentication Flow › should complete signup flow with natural language actions 

    Test timeout of 60000ms exceeded.

    attachment #1: screenshot (image/png) ──────────────────────────────────────────────────────────
    test-results/stagehand-auth-test-Stageh-3b8b2-th-natural-language-actions-webkit/test-failed-1.png
    ────────────────────────────────────────────────────────────────────────────────────────────────
]]>
</failure>
<system-out>
<![CDATA[🎭 Testing Stagehand-powered authentication flow...
📝 Creating account for: test-1749494753467@stagehand-demo.com
📊 Form state: {
  isFormValid: [33mtrue[39m,
  submitButtonEnabled: [33mtrue[39m,
  passwordStrength: [32m'Strong'[39m
}
⏳ Waiting for signup process to complete...
✅ Signup result: {
  isOnChatPage: [33mtrue[39m,
  hasComingSoonText: [33mtrue[39m,
  currentUrl: [32m'/chat'[39m,
  userIsAuthenticated: [33mtrue[39m,
  hasProfileMenu: [33mtrue[39m
}
📋 Profile menu detected: true
🔍 Attempting to test profile menu functionality...
👤 Profile menu state: {
  isMenuOpen: [33mtrue[39m,
  userEmail: [32m'test-1749494753467@stagehand-demo.com'[39m,
  hasLogoutButton: [33mtrue[39m
}
⚠️ Profile menu testing failed, but core authentication succeeded: 
Hey! We're sorry you ran into an error. 
If you need help, please open a Github issue or reach out to us on Slack: https://stagehand.dev/slack

Full error:
page.evaluate: Target page, context or browser has been closed
🎉 Core authentication flow completed successfully!
🎉 Stagehand authentication flow test completed successfully!

[[ATTACHMENT|stagehand-auth-test-Stageh-3b8b2-th-natural-language-actions-webkit/test-failed-1.png]]
]]>
</system-out>
</testcase>
</testsuite>
<testsuite name="stagehand-production-auth.spec.ts" timestamp="2025-06-09T18:45:37.208Z" hostname="webkit" tests="2" failures="0" skipped="1" time="7.379" errors="0">
<testcase name="Stagehand Production Authentication › should complete full authentication flow on preview deployment" classname="stagehand-production-auth.spec.ts" time="1.363">
<properties>
<property name="skip" value="No DEPLOY_PREVIEW_URL set - this test requires a deploy preview">
</property>
</properties>
<skipped>
</skipped>
</testcase>
<testcase name="Stagehand Production Authentication › should work on production deployment" classname="stagehand-production-auth.spec.ts" time="6.016">
<system-out>
<![CDATA[🌐 Testing production deployment with Stagehand...
🏭 Production state: {
  siteLoaded: [33mtrue[39m,
  hasSignupForm: [33mtrue[39m,
  isResponsive: [33mfalse[39m,
  hasTitle: [33mfalse[39m,
  formFieldsVisible: [33mtrue[39m
}
📱 Responsive: false
📄 Has Title: false
✅ Production site verification passed!
]]>
</system-out>
</testcase>
</testsuite>
<testsuite name="stagehand-auth-test.spec.ts" timestamp="2025-06-09T18:45:37.208Z" hostname="Mobile Chrome" tests="1" failures="1" skipped="0" time="60.237" errors="0">
<testcase name="Stagehand Authentication Flow › should complete signup flow with natural language actions" classname="stagehand-auth-test.spec.ts" time="60.237">
<failure message="stagehand-auth-test.spec.ts:38:7 should complete signup flow with natural language actions" type="FAILURE">
<![CDATA[  [Mobile Chrome] › stagehand-auth-test.spec.ts:38:7 › Stagehand Authentication Flow › should complete signup flow with natural language actions 

    Test timeout of 60000ms exceeded.

    attachment #1: screenshot (image/png) ──────────────────────────────────────────────────────────
    test-results/stagehand-auth-test-Stageh-3b8b2-th-natural-language-actions-Mobile-Chrome/test-failed-1.png
    ────────────────────────────────────────────────────────────────────────────────────────────────
]]>
</failure>
<system-out>
<![CDATA[🎭 Testing Stagehand-powered authentication flow...
📝 Creating account for: test-1749494765553@stagehand-demo.com
📊 Form state: {
  isFormValid: [33mtrue[39m,
  submitButtonEnabled: [33mtrue[39m,
  passwordStrength: [32m'Strong'[39m
}
⏳ Waiting for signup process to complete...
✅ Signup result: {
  isOnChatPage: [33mtrue[39m,
  hasComingSoonText: [33mtrue[39m,
  currentUrl: [32m'null'[39m,
  userIsAuthenticated: [33mtrue[39m,
  hasProfileMenu: [33mtrue[39m
}
📋 Profile menu detected: true
🔍 Attempting to test profile menu functionality...
👤 Profile menu state: {
  isMenuOpen: [33mtrue[39m,
  userEmail: [32m'test-1749494765553@stagehand-demo.com'[39m,
  hasLogoutButton: [33mtrue[39m
}
⚠️ Profile menu testing failed, but core authentication succeeded: 
Hey! We're sorry you ran into an error. 
If you need help, please open a Github issue or reach out to us on Slack: https://stagehand.dev/slack

Full error:
page.evaluate: Target page, context or browser has been closed
🎉 Core authentication flow completed successfully!
🎉 Stagehand authentication flow test completed successfully!

[[ATTACHMENT|stagehand-auth-test-Stageh-3b8b2-th-natural-language-actions-Mobile-Chrome/test-failed-1.png]]
]]>
</system-out>
</testcase>
</testsuite>
<testsuite name="stagehand-production-auth.spec.ts" timestamp="2025-06-09T18:45:37.208Z" hostname="Mobile Chrome" tests="2" failures="0" skipped="1" time="12.47" errors="0">
<testcase name="Stagehand Production Authentication › should complete full authentication flow on preview deployment" classname="stagehand-production-auth.spec.ts" time="1.366">
<properties>
<property name="skip" value="No DEPLOY_PREVIEW_URL set - this test requires a deploy preview">
</property>
</properties>
<skipped>
</skipped>
</testcase>
<testcase name="Stagehand Production Authentication › should work on production deployment" classname="stagehand-production-auth.spec.ts" time="11.104">
<system-out>
<![CDATA[🌐 Testing production deployment with Stagehand...
🏭 Production state: {
  siteLoaded: [33mtrue[39m,
  hasSignupForm: [33mtrue[39m,
  isResponsive: [33mfalse[39m,
  hasTitle: [33mfalse[39m,
  formFieldsVisible: [33mtrue[39m
}
📱 Responsive: false
📄 Has Title: false
✅ Production site verification passed!
]]>
</system-out>
</testcase>
</testsuite>
<testsuite name="stagehand-auth-test.spec.ts" timestamp="2025-06-09T18:45:37.208Z" hostname="Mobile Safari" tests="1" failures="1" skipped="0" time="60.242" errors="0">
<testcase name="Stagehand Authentication Flow › should complete signup flow with natural language actions" classname="stagehand-auth-test.spec.ts" time="60.242">
<failure message="stagehand-auth-test.spec.ts:38:7 should complete signup flow with natural language actions" type="FAILURE">
<![CDATA[  [Mobile Safari] › stagehand-auth-test.spec.ts:38:7 › Stagehand Authentication Flow › should complete signup flow with natural language actions 

    Test timeout of 60000ms exceeded.

    attachment #1: screenshot (image/png) ──────────────────────────────────────────────────────────
    test-results/stagehand-auth-test-Stageh-3b8b2-th-natural-language-actions-Mobile-Safari/test-failed-1.png
    ────────────────────────────────────────────────────────────────────────────────────────────────
]]>
</failure>
<system-out>
<![CDATA[🎭 Testing Stagehand-powered authentication flow...
📝 Creating account for: test-1749494781540@stagehand-demo.com
📊 Form state: {
  isFormValid: [33mtrue[39m,
  submitButtonEnabled: [33mtrue[39m,
  passwordStrength: [32m'Strong'[39m
}
⏳ Waiting for signup process to complete...
✅ Signup result: {
  isOnChatPage: [33mtrue[39m,
  hasComingSoonText: [33mtrue[39m,
  currentUrl: [32m'/chat'[39m,
  userIsAuthenticated: [33mtrue[39m,
  hasProfileMenu: [33mtrue[39m
}
📋 Profile menu detected: true
🔍 Attempting to test profile menu functionality...
👤 Profile menu state: {
  isMenuOpen: [33mtrue[39m,
  userEmail: [32m'test-1749494781540@stagehand-demo.com'[39m,
  hasLogoutButton: [33mtrue[39m
}
⚠️ Profile menu testing failed, but core authentication succeeded: 
Hey! We're sorry you ran into an error. 
If you need help, please open a Github issue or reach out to us on Slack: https://stagehand.dev/slack

Full error:
page.evaluate: Target page, context or browser has been closed
🎉 Core authentication flow completed successfully!
🎉 Stagehand authentication flow test completed successfully!

[[ATTACHMENT|stagehand-auth-test-Stageh-3b8b2-th-natural-language-actions-Mobile-Safari/test-failed-1.png]]
]]>
</system-out>
</testcase>
</testsuite>
<testsuite name="stagehand-production-auth.spec.ts" timestamp="2025-06-09T18:45:37.208Z" hostname="Mobile Safari" tests="2" failures="0" skipped="1" time="9.719" errors="0">
<testcase name="Stagehand Production Authentication › should complete full authentication flow on preview deployment" classname="stagehand-production-auth.spec.ts" time="1.969">
<properties>
<property name="skip" value="No DEPLOY_PREVIEW_URL set - this test requires a deploy preview">
</property>
</properties>
<skipped>
</skipped>
</testcase>
<testcase name="Stagehand Production Authentication › should work on production deployment" classname="stagehand-production-auth.spec.ts" time="7.75">
<system-out>
<![CDATA[🌐 Testing production deployment with Stagehand...
🏭 Production state: {
  siteLoaded: [33mtrue[39m,
  hasSignupForm: [33mtrue[39m,
  isResponsive: [33mfalse[39m,
  hasTitle: [33mfalse[39m,
  formFieldsVisible: [33mtrue[39m
}
📱 Responsive: false
📄 Has Title: false
✅ Production site verification passed!
]]>
</system-out>
</testcase>
</testsuite>
</testsuites>