<testsuites id="" name="" tests="3" failures="1" skipped="1" errors="0" time="121.07679300000001">
<testsuite name="stagehand-auth-test.spec.ts" timestamp="2025-06-11T15:39:12.830Z" hostname="chromium" tests="1" failures="1" skipped="0" time="120.237" errors="0">
<testcase name="Stagehand Authentication Flow â€º should complete signup flow with natural language actions" classname="stagehand-auth-test.spec.ts" time="120.237">
<failure message="stagehand-auth-test.spec.ts:38:7 should complete signup flow with natural language actions" type="FAILURE">
<![CDATA[  [chromium] â€º stagehand-auth-test.spec.ts:38:7 â€º Stagehand Authentication Flow â€º should complete signup flow with natural language actions 

    Test timeout of 120000ms exceeded.

    attachment #1: screenshot (image/png) â”€â”€â”€â”€â”€â”€â”€â”€â”€â”€â”€â”€â”€â”€â”€â”€â”€â”€â”€â”€â”€â”€â”€â”€â”€â”€â”€â”€â”€â”€â”€â”€â”€â”€â”€â”€â”€â”€â”€â”€â”€â”€â”€â”€â”€â”€â”€â”€â”€â”€â”€â”€â”€â”€â”€â”€â”€â”€
    test-results/stagehand-auth-test-Stageh-3b8b2-th-natural-language-actions-chromium/test-failed-1.png
    â”€â”€â”€â”€â”€â”€â”€â”€â”€â”€â”€â”€â”€â”€â”€â”€â”€â”€â”€â”€â”€â”€â”€â”€â”€â”€â”€â”€â”€â”€â”€â”€â”€â”€â”€â”€â”€â”€â”€â”€â”€â”€â”€â”€â”€â”€â”€â”€â”€â”€â”€â”€â”€â”€â”€â”€â”€â”€â”€â”€â”€â”€â”€â”€â”€â”€â”€â”€â”€â”€â”€â”€â”€â”€â”€â”€â”€â”€â”€â”€â”€â”€â”€â”€â”€â”€â”€â”€â”€â”€â”€â”€â”€â”€â”€â”€
]]>
</failure>
<system-out>
<![CDATA[ðŸŽ­ Testing Stagehand-powered authentication flow...
ðŸ“ Creating account for: test-1749656358647@stagehand-demo.com
ðŸ“Š Form state: { submitButtonEnabled: [33mtrue[39m, passwordStrength: [32m''[39m }
â³ Waiting for signup process to complete...
âœ… Signup result: {
  isOnChatPage: [33mtrue[39m,
  hasComingSoonText: [33mtrue[39m,
  currentUrl: [32m'/chat'[39m,
  userIsAuthenticated: [33mtrue[39m,
  hasProfileMenu: [33mtrue[39m,
  isStillOnSignup: [33mfalse[39m,
  hasErrorMessages: [33mfalse[39m
}
ðŸ“‹ Profile menu detected: true
ðŸ” Attempting to test profile menu functionality...
ðŸ‘¤ Profile menu state: {
  isMenuOpen: [33mtrue[39m,
  userEmail: [32m'test-1749656358647@stagehand-demo.com'[39m,
  hasLogoutButton: [33mtrue[39m
}
âš ï¸ Profile menu testing failed, but core authentication succeeded: 
Hey! We're sorry you ran into an error. 
If you need help, please open a Github issue or reach out to us on Slack: https://stagehand.dev/slack

Full error:
page.evaluate: Target page, context or browser has been closed
ðŸŽ‰ Core authentication flow completed successfully!
ðŸŽ‰ Stagehand authentication flow test completed successfully!

[[ATTACHMENT|stagehand-auth-test-Stageh-3b8b2-th-natural-language-actions-chromium/test-failed-1.png]]
]]>
</system-out>
</testcase>
</testsuite>
<testsuite name="stagehand-production-auth.spec.ts" timestamp="2025-06-11T15:39:12.830Z" hostname="chromium" tests="2" failures="0" skipped="1" time="14.106" errors="0">
<testcase name="Stagehand Production Authentication â€º should complete full authentication flow on preview deployment" classname="stagehand-production-auth.spec.ts" time="2.971">
<properties>
<property name="skip" value="No DEPLOY_PREVIEW_URL set - this test requires a deploy preview">
</property>
</properties>
<skipped>
</skipped>
</testcase>
<testcase name="Stagehand Production Authentication â€º should work on production deployment" classname="stagehand-production-auth.spec.ts" time="11.135">
<system-out>
<![CDATA[ðŸŒ Testing production deployment with Stagehand...
ðŸ­ Production state: {
  siteLoaded: [33mtrue[39m,
  hasSignupForm: [33mtrue[39m,
  isResponsive: [33mtrue[39m,
  hasTitle: [33mfalse[39m,
  formFieldsVisible: [33mtrue[39m
}
ðŸ“± Responsive: true
ðŸ“„ Has Title: false
âœ… Production site verification passed!
]]>
</system-out>
</testcase>
</testsuite>
</testsuites>