<testsuites id="" name="" tests="2" failures="0" skipped="1" errors="0" time="22.55659">
<testsuite name="stagehand-auth-test.spec.ts" timestamp="2025-06-08T11:48:14.665Z" hostname="chromium" tests="2" failures="0" skipped="1" time="16.798" errors="0">
<testcase name="Stagehand Authentication Flow › should complete signup flow with natural language actions" classname="stagehand-auth-test.spec.ts" time="0">
<skipped>
</skipped>
</testcase>
<testcase name="Stagehand Authentication Flow › should handle form validation with natural language" classname="stagehand-auth-test.spec.ts" time="16.798">
<system-out>
<![CDATA[🔍 Testing form validation with Stagehand...
🔐 Password validation: {
  passwordStrength: [32m''[39m,
  validationMessages: [],
  isPasswordAcceptable: [33mfalse[39m
}
💪 Strong password validation: { passwordStrength: [32m'Strong'[39m, isPasswordAcceptable: [33mtrue[39m }
]]>
</system-out>
</testcase>
</testsuite>
</testsuites>