<testsuites id="" name="" tests="2" failures="2" skipped="0" errors="0" time="32.294303">
<testsuite name="preview-simple-test.spec.ts" timestamp="2025-06-08T11:31:24.624Z" hostname="chromium" tests="2" failures="2" skipped="0" time="37.918" errors="0">
<testcase name="Preview Deployment - Optimized Loading â€º should complete signup with optimized loading times" classname="preview-simple-test.spec.ts" time="7.205">
<failure message="preview-simple-test.spec.ts:13:7 should complete signup with optimized loading times" type="FAILURE">
<![CDATA[  [chromium] â€º preview-simple-test.spec.ts:13:7 â€º Preview Deployment - Optimized Loading â€º should complete signup with optimized loading times 

    Error: Timed out 5000ms waiting for expect(locator).toBeVisible()

    Locator: locator('[data-testid="signup-form"]')
    Expected: visible
    Received: <element(s) not found>
    Call log:
      - expect.toBeVisible with timeout 5000ms
      - waiting for locator('[data-testid="signup-form"]')


      19 |
      20 |     // Verify signup form is visible
    > 21 |     await expect(page.locator('[data-testid="signup-form"]')).toBeVisible();
         |                                                               ^
      22 |     console.log('âœ… Signup form is visible on preview deployment');
      23 |
      24 |     // Fill out form with unique test data
        at /Users/geoffreydudgeon/Documents/Cursor Projects/chat-frontier-flora/e2e/preview-simple-test.spec.ts:21:63

    attachment #1: screenshot (image/png) â”€â”€â”€â”€â”€â”€â”€â”€â”€â”€â”€â”€â”€â”€â”€â”€â”€â”€â”€â”€â”€â”€â”€â”€â”€â”€â”€â”€â”€â”€â”€â”€â”€â”€â”€â”€â”€â”€â”€â”€â”€â”€â”€â”€â”€â”€â”€â”€â”€â”€â”€â”€â”€â”€â”€â”€â”€â”€
    test-results/preview-simple-test-Previe-e9c7c-ith-optimized-loading-times-chromium/test-failed-1.png
    â”€â”€â”€â”€â”€â”€â”€â”€â”€â”€â”€â”€â”€â”€â”€â”€â”€â”€â”€â”€â”€â”€â”€â”€â”€â”€â”€â”€â”€â”€â”€â”€â”€â”€â”€â”€â”€â”€â”€â”€â”€â”€â”€â”€â”€â”€â”€â”€â”€â”€â”€â”€â”€â”€â”€â”€â”€â”€â”€â”€â”€â”€â”€â”€â”€â”€â”€â”€â”€â”€â”€â”€â”€â”€â”€â”€â”€â”€â”€â”€â”€â”€â”€â”€â”€â”€â”€â”€â”€â”€â”€â”€â”€â”€â”€â”€

    attachment #2: video (video/webm) â”€â”€â”€â”€â”€â”€â”€â”€â”€â”€â”€â”€â”€â”€â”€â”€â”€â”€â”€â”€â”€â”€â”€â”€â”€â”€â”€â”€â”€â”€â”€â”€â”€â”€â”€â”€â”€â”€â”€â”€â”€â”€â”€â”€â”€â”€â”€â”€â”€â”€â”€â”€â”€â”€â”€â”€â”€â”€â”€â”€â”€â”€
    test-results/preview-simple-test-Previe-e9c7c-ith-optimized-loading-times-chromium/video.webm
    â”€â”€â”€â”€â”€â”€â”€â”€â”€â”€â”€â”€â”€â”€â”€â”€â”€â”€â”€â”€â”€â”€â”€â”€â”€â”€â”€â”€â”€â”€â”€â”€â”€â”€â”€â”€â”€â”€â”€â”€â”€â”€â”€â”€â”€â”€â”€â”€â”€â”€â”€â”€â”€â”€â”€â”€â”€â”€â”€â”€â”€â”€â”€â”€â”€â”€â”€â”€â”€â”€â”€â”€â”€â”€â”€â”€â”€â”€â”€â”€â”€â”€â”€â”€â”€â”€â”€â”€â”€â”€â”€â”€â”€â”€â”€â”€

    Error Context: ../test-results/preview-simple-test-Previe-e9c7c-ith-optimized-loading-times-chromium/error-context.md
]]>
</failure>
<system-out>
<![CDATA[ðŸŒ Testing optimized signup flow on preview deployment...

[[ATTACHMENT|preview-simple-test-Previe-e9c7c-ith-optimized-loading-times-chromium/test-failed-1.png]]

[[ATTACHMENT|preview-simple-test-Previe-e9c7c-ith-optimized-loading-times-chromium/video.webm]]

[[ATTACHMENT|preview-simple-test-Previe-e9c7c-ith-optimized-loading-times-chromium/error-context.md]]
]]>
</system-out>
</testcase>
<testcase name="Preview Deployment - Optimized Loading â€º should show improved loading messages" classname="preview-simple-test.spec.ts" time="30.713">
<failure message="preview-simple-test.spec.ts:84:7 should show improved loading messages" type="FAILURE">
<![CDATA[  [chromium] â€º preview-simple-test.spec.ts:84:7 â€º Preview Deployment - Optimized Loading â€º should show improved loading messages 

    Test timeout of 30000ms exceeded.

    Error: page.fill: Test timeout of 30000ms exceeded.
    Call log:
      - waiting for locator('[data-testid="email-input"]')


      92 |     const testEmail = `loading-test-${timestamp}@example.com`;
      93 |
    > 94 |     await page.fill('[data-testid="email-input"]', testEmail);
         |                ^
      95 |     await page.fill('[data-testid="password-input"]', 'TestPassword123!');
      96 |     await page.fill('[data-testid="full-name-input"]', 'Loading Test User');
      97 |     await page.check('[data-testid="age-verification-checkbox"]');
        at /Users/geoffreydudgeon/Documents/Cursor Projects/chat-frontier-flora/e2e/preview-simple-test.spec.ts:94:16

    attachment #1: screenshot (image/png) â”€â”€â”€â”€â”€â”€â”€â”€â”€â”€â”€â”€â”€â”€â”€â”€â”€â”€â”€â”€â”€â”€â”€â”€â”€â”€â”€â”€â”€â”€â”€â”€â”€â”€â”€â”€â”€â”€â”€â”€â”€â”€â”€â”€â”€â”€â”€â”€â”€â”€â”€â”€â”€â”€â”€â”€â”€â”€
    test-results/preview-simple-test-Previe-ddb7b-w-improved-loading-messages-chromium/test-failed-1.png
    â”€â”€â”€â”€â”€â”€â”€â”€â”€â”€â”€â”€â”€â”€â”€â”€â”€â”€â”€â”€â”€â”€â”€â”€â”€â”€â”€â”€â”€â”€â”€â”€â”€â”€â”€â”€â”€â”€â”€â”€â”€â”€â”€â”€â”€â”€â”€â”€â”€â”€â”€â”€â”€â”€â”€â”€â”€â”€â”€â”€â”€â”€â”€â”€â”€â”€â”€â”€â”€â”€â”€â”€â”€â”€â”€â”€â”€â”€â”€â”€â”€â”€â”€â”€â”€â”€â”€â”€â”€â”€â”€â”€â”€â”€â”€â”€

    attachment #2: video (video/webm) â”€â”€â”€â”€â”€â”€â”€â”€â”€â”€â”€â”€â”€â”€â”€â”€â”€â”€â”€â”€â”€â”€â”€â”€â”€â”€â”€â”€â”€â”€â”€â”€â”€â”€â”€â”€â”€â”€â”€â”€â”€â”€â”€â”€â”€â”€â”€â”€â”€â”€â”€â”€â”€â”€â”€â”€â”€â”€â”€â”€â”€â”€
    test-results/preview-simple-test-Previe-ddb7b-w-improved-loading-messages-chromium/video.webm
    â”€â”€â”€â”€â”€â”€â”€â”€â”€â”€â”€â”€â”€â”€â”€â”€â”€â”€â”€â”€â”€â”€â”€â”€â”€â”€â”€â”€â”€â”€â”€â”€â”€â”€â”€â”€â”€â”€â”€â”€â”€â”€â”€â”€â”€â”€â”€â”€â”€â”€â”€â”€â”€â”€â”€â”€â”€â”€â”€â”€â”€â”€â”€â”€â”€â”€â”€â”€â”€â”€â”€â”€â”€â”€â”€â”€â”€â”€â”€â”€â”€â”€â”€â”€â”€â”€â”€â”€â”€â”€â”€â”€â”€â”€â”€â”€

    Error Context: ../test-results/preview-simple-test-Previe-ddb7b-w-improved-loading-messages-chromium/error-context.md
]]>
</failure>
<system-out>
<![CDATA[ðŸ” Testing improved loading messages...

[[ATTACHMENT|preview-simple-test-Previe-ddb7b-w-improved-loading-messages-chromium/test-failed-1.png]]

[[ATTACHMENT|preview-simple-test-Previe-ddb7b-w-improved-loading-messages-chromium/video.webm]]

[[ATTACHMENT|preview-simple-test-Previe-ddb7b-w-improved-loading-messages-chromium/error-context.md]]
]]>
</system-out>
</testcase>
</testsuite>
</testsuites>