<testsuites id="" name="" tests="1" failures="1" skipped="0" errors="0" time="13.507778">
<testsuite name="auth-flow.spec.ts" timestamp="2025-06-07T16:40:36.406Z" hostname="chromium" tests="1" failures="1" skipped="0" time="7.796" errors="0">
<testcase name="Authentication Flow › Initial App State › should load the app and show authentication UI" classname="auth-flow.spec.ts" time="7.796">
<failure message="auth-flow.spec.ts:24:9 should load the app and show authentication UI" type="FAILURE">
<![CDATA[  [chromium] › auth-flow.spec.ts:24:9 › Authentication Flow › Initial App State › should load the app and show authentication UI 

    Error: Timed out 5000ms waiting for expect(locator).toHaveTitle(expected)

    Locator: locator(':root')
    Expected pattern: /Chat Frontier Flora/
    Received string:  "web"
    Call log:
      - expect.toHaveTitle with timeout 5000ms
      - waiting for locator(':root')
        9 × locator resolved to <html lang="en">…</html>
          - unexpected value "web"


      24 |     test('should load the app and show authentication UI', async ({ page }) => {
      25 |       // Wait for the app to load
    > 26 |       await expect(page).toHaveTitle(/Chat Frontier Flora/);
         |                          ^
      27 |
      28 |       // Should show some form of authentication UI
      29 |       // This will depend on your app's initial state
        at /Users/geoffreydudgeon/Documents/Cursor Projects/chat-frontier-flora/e2e/auth-flow.spec.ts:26:26

    attachment #1: screenshot (image/png) ──────────────────────────────────────────────────────────
    test-results/auth-flow-Authentication-F-d0c45--and-show-authentication-UI-chromium/test-failed-1.png
    ────────────────────────────────────────────────────────────────────────────────────────────────

    attachment #2: video (video/webm) ──────────────────────────────────────────────────────────────
    test-results/auth-flow-Authentication-F-d0c45--and-show-authentication-UI-chromium/video.webm
    ────────────────────────────────────────────────────────────────────────────────────────────────

    Error Context: ../test-results/auth-flow-Authentication-F-d0c45--and-show-authentication-UI-chromium/error-context.md
]]>
</failure>
<system-out>
<![CDATA[
[[ATTACHMENT|auth-flow-Authentication-F-d0c45--and-show-authentication-UI-chromium/test-failed-1.png]]

[[ATTACHMENT|auth-flow-Authentication-F-d0c45--and-show-authentication-UI-chromium/video.webm]]

[[ATTACHMENT|auth-flow-Authentication-F-d0c45--and-show-authentication-UI-chromium/error-context.md]]
]]>
</system-out>
</testcase>
</testsuite>
</testsuites>