<testsuites id="" name="" tests="5" failures="0" skipped="5" errors="0" time="0.18117999999999995">
<testsuite name="stagehand-auth-test.spec.ts" timestamp="2025-06-11T16:03:40.638Z" hostname="chromium" tests="1" failures="0" skipped="1" time="0" errors="0">
<testcase name="🏠 Stagehand Authentication Flow [Localhost] › 🏠 Complete signup and authentication flow on Localhost" classname="stagehand-auth-test.spec.ts" time="0">
<skipped>
</skipped>
</testcase>
</testsuite>
<testsuite name="stagehand-auth-test.spec.ts" timestamp="2025-06-11T16:03:40.638Z" hostname="firefox" tests="1" failures="0" skipped="1" time="0" errors="0">
<testcase name="🏠 Stagehand Authentication Flow [Localhost] › 🏠 Complete signup and authentication flow on Localhost" classname="stagehand-auth-test.spec.ts" time="0">
<skipped>
</skipped>
</testcase>
</testsuite>
<testsuite name="stagehand-auth-test.spec.ts" timestamp="2025-06-11T16:03:40.638Z" hostname="webkit" tests="1" failures="0" skipped="1" time="0" errors="0">
<testcase name="🏠 Stagehand Authentication Flow [Localhost] › 🏠 Complete signup and authentication flow on Localhost" classname="stagehand-auth-test.spec.ts" time="0">
<skipped>
</skipped>
</testcase>
</testsuite>
<testsuite name="stagehand-auth-test.spec.ts" timestamp="2025-06-11T16:03:40.638Z" hostname="Mobile Chrome" tests="1" failures="0" skipped="1" time="0" errors="0">
<testcase name="🏠 Stagehand Authentication Flow [Localhost] › 🏠 Complete signup and authentication flow on Localhost" classname="stagehand-auth-test.spec.ts" time="0">
<skipped>
</skipped>
</testcase>
</testsuite>
<testsuite name="stagehand-auth-test.spec.ts" timestamp="2025-06-11T16:03:40.638Z" hostname="Mobile Safari" tests="1" failures="0" skipped="1" time="0" errors="0">
<testcase name="🏠 Stagehand Authentication Flow [Localhost] › 🏠 Complete signup and authentication flow on Localhost" classname="stagehand-auth-test.spec.ts" time="0">
<skipped>
</skipped>
</testcase>
</testsuite>
</testsuites>